[13:46:40] [main/INFO] (FabricLoader) Loading for game Minecraft 1.16.4
[13:46:40] [main/INFO] (Fabric|Loader) [FabricLoader] Loading 44 mods: minecraft@1.16.4, fabric-screen-handler-api-v1@1.1.0+6a2618f53a, fabric-renderer-api-v1@0.3.3+6a2618f53a, fabric-networking-blockentity-v0@0.2.7+a03e98793a, fabric-keybindings-v0@0.2.0+6a2618f53a, fabric-command-api-v1@1.0.9+6a2618f53a, fabricloader@0.10.8, fabric-tool-attribute-api-v1@1.2.5+6a2618f53a, fabric-structure-api-v1@1.1.1+f1d8af063a, fabric-renderer-indigo@0.4.3+6a2618f53a, fabric-containers-v0@0.1.9+a03e98793a, fabric-dimensions-v1@2.0.1+9a6c75813a, fabric-object-builder-api-v1@1.9.2+6a2618f53a, fabric-item-api-v1@1.2.0+6a2618f53a, fabric-crash-report-info-v1@0.1.2+b7f9825d3a, fabric-events-interaction-v0@0.4.1+6a2618f53a, fabric-game-rule-api-v1@1.0.3+a4467d2a3a, fabric-api-base@0.2.0+ab87788d3a, fabric-rendering-v0@1.1.1+6a2618f53a, fabric-key-binding-api-v1@1.0.1+730711c63a, fabric-rendering-v1@1.4.0+6a2618f53a, fabric-rendering-data-attachment-v1@0.1.4+6a2618f53a, fabric-resource-loader-v0@0.3.2+1944f3e03a, fabric-textures-v0@1.0.5+6a2618f53a, fabric-content-registries-v0@0.2.0+e77439c73a, fabric-tag-extensions-v0@1.1.0+e77439c73a, fabric-biome-api-v1@3.1.0+2e23b97c3a, fabric-rendering-fluids-v1@0.1.12+6a2618f53a, fabric-registry-sync-v0@0.7.3+be155ae23a, fabric-commands-v0@0.2.0+6a2618f53a, fabric-blockrenderlayer-v1@1.1.4+6a2618f53a, fabric-lifecycle-events-v1@1.2.0+ffb68a873a, fabric-mining-levels-v0@0.1.2+6a2618f53a, fabric-renderer-registries-v1@2.2.0+6a2618f53a, fabric-networking-api-v1@1.0.0+4358fbc63a, fabric-events-lifecycle-v0@0.2.0+6a2618f53a, fabric-loot-tables-v1@1.0.1+6a2618f53a, fabric@0.28.3+1.16, knowledgebooks@1.16.4-0.1.0, fabric-particles-v1@0.2.2+6a2618f53a, fabric-models-v0@0.1.1+6a2618f53a, fabric-item-groups-v0@0.2.1+6a2618f53a, fabric-networking-v0@0.3.1+2a4333d33a, fabric-object-builders-v0@0.7.1+6a2618f53a
[13:46:40] [main/INFO] (mixin) SpongePowered MIXIN Subsystem Version=0.8.2 Source=file:/C:/Users/Neil/.gradle/caches/modules-2/files-2.1/net.fabricmc/sponge-mixin/0.8.2+build.24/e5a741445d0f425bf3cce946c6cf8c7fb8376b2/sponge-mixin-0.8.2+build.24.jar Service=Knot/Fabric Env=CLIENT
[13:46:41] [main/INFO] (Fabric|MixinBootstrap) Loaded Fabric development mappings for mixin remapper!
[13:46:41] [main/INFO] (mixin) Remapping refMap fabric-networking-blockentity-v0-refmap.json using remapper chain
[13:46:41] [main/INFO] (mixin) Remapping refMap fabric-screen-handler-api-v1-refmap.json using remapper chain
[13:46:41] [main/INFO] (mixin) Remapping refMap fabric-lifecycle-events-v1-refmap.json using remapper chain
[13:46:41] [main/INFO] (mixin) Remapping refMap fabric-containers-v0-refmap.json using remapper chain
[13:46:41] [main/INFO] (mixin) Remapping refMap fabric-renderer-indigo-refmap.json using remapper chain
[13:46:41] [main/INFO] (mixin) Remapping refMap fabric-rendering-data-attachment-v1-refmap.json using remapper chain
[13:46:41] [main/INFO] (mixin) Remapping refMap fabric-structure-api-v1-refmap.json using remapper chain
[13:46:41] [main/INFO] (mixin) Remapping refMap fabric-item-api-v1-refmap.json using remapper chain
[13:46:41] [main/INFO] (mixin) Remapping refMap fabric-events-interaction-v0-refmap.json using remapper chain
[13:46:41] [main/INFO] (mixin) Remapping refMap fabric-loot-tables-v1-refmap.json using remapper chain
[13:46:41] [main/INFO] (mixin) Remapping refMap fabric-object-builder-api-v1-refmap.json using remapper chain
[13:46:41] [main/INFO] (mixin) Remapping refMap fabric-dimensions-v1-refmap.json using remapper chain
[13:46:41] [main/INFO] (mixin) Remapping refMap fabric-renderer-registries-v1-refmap.json using remapper chain
[13:46:41] [main/INFO] (mixin) Remapping refMap fabric-textures-v0-refmap.json using remapper chain
[13:46:41] [main/INFO] (mixin) Remapping refMap fabric-registry-sync-v0-refmap.json using remapper chain
[13:46:41] [main/INFO] (mixin) Remapping refMap fabric-models-v0-refmap.json using remapper chain
[13:46:41] [main/INFO] (mixin) Remapping refMap fabric-blockrenderlayer-v1-refmap.json using remapper chain
[13:46:41] [main/INFO] (mixin) Remapping refMap fabric-renderer-api-v1-refmap.json using remapper chain
[13:46:41] [main/INFO] (mixin) Remapping refMap fabric-containers-v0-refmap.json using remapper chain
[13:46:41] [main/INFO] (mixin) Remapping refMap fabric-rendering-fluids-v1-refmap.json using remapper chain
[13:46:41] [main/INFO] (mixin) Remapping refMap fabric-biome-api-v1-refmap.json using remapper chain
[13:46:41] [main/INFO] (mixin) Remapping refMap fabric-resource-loader-v0-refmap.json using remapper chain
[13:46:41] [main/INFO] (mixin) Remapping refMap fabric-game-rule-api-v1-refmap.json using remapper chain
[13:46:41] [main/INFO] (mixin) Remapping refMap fabric-networking-api-v1-refmap.json using remapper chain
[13:46:41] [main/INFO] (mixin) Remapping refMap fabric-particles-v1-refmap.json using remapper chain
[13:46:41] [main/INFO] (mixin) Remapping refMap fabric-object-builders-refmap.json using remapper chain
[13:46:41] [main/INFO] (mixin) Remapping refMap fabric-tag-extensions-v0-refmap.json using remapper chain
[13:46:41] [main/INFO] (mixin) Remapping refMap fabric-tool-attribute-api-v1-refmap.json using remapper chain
[13:46:41] [main/INFO] (mixin) Remapping refMap fabric-rendering-v1-refmap.json using remapper chain
[13:46:41] [main/INFO] (mixin) Remapping refMap fabric-item-groups-v0-refmap.json using remapper chain
[13:46:41] [main/INFO] (mixin) Remapping refMap fabric-content-registries-v0-refmap.json using remapper chain
[13:46:41] [main/INFO] (mixin) Remapping refMap fabric-command-api-v1-refmap.json using remapper chain
[13:46:41] [main/INFO] (mixin) Remapping refMap fabric-crash-report-info-v1-refmap.json using remapper chain
[13:46:41] [main/INFO] (mixin) Remapping refMap fabric-key-binding-api-v1-refmap.json using remapper chain
[13:46:41] [main/INFO] (mixin) Remapping refMap fabric-renderer-api-v1-refmap.json using remapper chain
[13:46:41] [main/WARN] (mixin) @Mixin target net/minecraft/client/render/block/BlockModelRenderer$AmbientOcclusionCalculator is public in fabric-renderer-indigo.mixins.json:MixinAmbientOcclusionCalculator and should be specified in value
[13:46:41] [main/WARN] (mixin) @Mixin target net/minecraft/client/render/chunk/ChunkBuilder$BuiltChunk$RebuildTask is public in fabric-renderer-indigo.mixins.json:MixinChunkRebuildTask and should be specified in value
[13:46:41] [main/WARN] (mixin) @Mixin target net/minecraft/village/TradeOffers$TypeAwareBuyForOneEmeraldFactory is public in fabric-object-builder-v1.mixins.json:TypeAwareTradeMixin and should be specified in value
[13:46:41] [main/WARN] (mixin) @Mixin target net/minecraft/client/font/FontManager$1 is public in fabric-resource-loader-v0.mixins.json:client.FontManagerResourceReloadListenerMixin and should be specified in value
[13:46:41] [main/WARN] (mixin) @Mixin target net/minecraft/server/command/GameRuleCommand$1 is public in fabric-game-rule-api-v1.mixins.json:GameRuleCommandVisitorMixin and should be specified in value
[13:46:41] [main/WARN] (mixin) @Mixin target net/minecraft/client/gui/screen/world/EditGameRulesScreen$RuleListWidget$1 is public in fabric-game-rule-api-v1.mixins.json:client.RuleListWidgetVisitorMixin and should be specified in value
[13:46:41] [main/WARN] (mixin) @Mixin target net/minecraft/server/world/ThreadedAnvilChunkStorage$EntityTracker is public in fabric-networking-api-v1.mixins.json:accessor.EntityTrackerAccessor and should be specified in value
[13:46:41] [main/WARN] (mixin) @Mixin target net/minecraft/client/particle/ParticleManager$SimpleSpriteProvider is public in fabric-particles-v1.mixins.json:ParticleManagerAccessor$SimpleSpriteProviderAccessor and should be specified in value
[13:46:41] [main/WARN] (mixin) @Mixin target net/minecraft/tag/Tag$1 is public in fabric-tag-extensions-v0.mixins.json:MixinTagImpl and should be specified in value
[13:46:41] [main/WARN] (mixin) @Mixin target net/minecraft/tag/RequiredTagList$TagWrapper is public in fabric-tag-extensions-v0.mixins.json:MixinTagImpl and should be specified in value
[13:46:48] [main/INFO] (Minecraft) Environment: authHost='https://authserver.mojang.com', accountsHost='https://api.mojang.com', sessionHost='https://sessionserver.mojang.com', servicesHost='https://api.minecraftservices.com', name='PROD'
[13:46:52] [main/ERROR] (Minecraft) Failed to verify authentication
com.mojang.authlib.exceptions.AuthenticationException: Unauthorized
	at com.mojang.authlib.yggdrasil.YggdrasilAuthenticationService.makeRequest(YggdrasilAuthenticationService.java:119) ~[authlib-2.1.28.jar:?]
	at com.mojang.authlib.yggdrasil.YggdrasilSocialInteractionsService.checkPrivileges(YggdrasilSocialInteractionsService.java:94) ~[authlib-2.1.28.jar:?]
	at com.mojang.authlib.yggdrasil.YggdrasilSocialInteractionsService.<init>(YggdrasilSocialInteractionsService.java:40) ~[authlib-2.1.28.jar:?]
	at com.mojang.authlib.yggdrasil.YggdrasilAuthenticationService.createSocialInteractionsService(YggdrasilAuthenticationService.java:152) ~[authlib-2.1.28.jar:?]
	at net.minecraft.client.MinecraftClient.method_31382(MinecraftClient.java:563) [minecraft-1.16.4-mapped-net.fabricmc.yarn-1.16.4+build.7-v2.jar:?]
	at net.minecraft.client.MinecraftClient.<init>(MinecraftClient.java:398) [minecraft-1.16.4-mapped-net.fabricmc.yarn-1.16.4+build.7-v2.jar:?]
	at net.minecraft.client.main.Main.main(Main.java:149) [minecraft-1.16.4-mapped-net.fabricmc.yarn-1.16.4+build.7-v2.jar:?]
	at jdk.internal.reflect.NativeMethodAccessorImpl.invoke0(Native Method) ~[?:?]
	at jdk.internal.reflect.NativeMethodAccessorImpl.invoke(NativeMethodAccessorImpl.java:62) ~[?:?]
	at jdk.internal.reflect.DelegatingMethodAccessorImpl.invoke(DelegatingMethodAccessorImpl.java:43) ~[?:?]
	at java.lang.reflect.Method.invoke(Method.java:564) ~[?:?]
	at net.fabricmc.loader.game.MinecraftGameProvider.launch(MinecraftGameProvider.java:224) [fabric-loader-0.10.8@net.fabricmc.yarn.1_16_4.1.16.4+build.7-v2.jar:?]
	at net.fabricmc.loader.launch.knot.Knot.init(Knot.java:141) [fabric-loader-0.10.8@net.fabricmc.yarn.1_16_4.1.16.4+build.7-v2.jar:?]
	at net.fabricmc.loader.launch.knot.KnotClient.main(KnotClient.java:27) [fabric-loader-0.10.8@net.fabricmc.yarn.1_16_4.1.16.4+build.7-v2.jar:?]
	at net.fabricmc.devlaunchinjector.Main.main(Main.java:86) [dev-launch-injector-0.2.1+build.8.jar:?]
[13:46:52] [main/INFO] (Minecraft) Setting user: Player897
[13:46:53] [main/INFO] (Indigo) [Indigo] Registering Indigo renderer!
[13:46:54] [main/INFO] (Minecraft) Backend library: LWJGL version 3.2.2 build 10
[13:46:59] [main/INFO] (Minecraft) Narrator library for x64 successfully loaded
[13:47:00] [main/INFO] (Minecraft) Reloading ResourceManager: Default, Fabric Screen Handler API (v1), Fabric Renderer API (v1), Fabric Networking Block Entity (v0), Fabric Key Bindings (v0), Fabric Command API (v1), Fabric Loader, Fabric Tool Attribute API (v1), Fabric Renderer - Indigo, Fabric Containers (v0), Fabric Object Builder API (v1), Fabric Item API (v1), Fabric Crash Report Info (v1), Fabric Events Interaction (v0), Fabric Game Rule API (v1), Fabric API Base, Fabric Rendering (v0), Fabric Key Binding API (v1), Fabric Rendering (v1), Fabric Rendering Data Attachment (v1), Fabric Resource Loader (v0), Fabric Textures (v0), Fabric Content Registries (v0), Fabric Tag Extensions (v0), Fabric Biome API (v1), Fabric Rendering Fluids (v1), Fabric Registry Sync (v0), Fabric BlockRenderLayer Registration (v1), Fabric Lifecycle Events (v1), Fabric Mining Levels (v0), Fabric Renderer Registries (v1), Fabric Networking API (v1), Fabric Events Lifecycle (v0), Fabric Loot Tables (v1), Fabric API, Knowledge Books, Fabric Models (v0), Fabric Item Groups (v0), Fabric Networking (v0), Fabric Object Builders (v0)
[13:47:02] [Realms Notification Availability checker #1/INFO] (Minecraft) Could not authorize you against Realms server: Invalid session id
[13:47:14] [Worker-Main-11/ERROR] (Minecraft) Using missing texture, unable to load knowledgebooks:textures/items/enchantment_shard.png : java.io.FileNotFoundException: knowledgebooks:textures/items/enchantment_shard.png
[13:47:16] [main/INFO] (Minecraft) OpenAL initialized.
[13:47:16] [main/INFO] (Minecraft) Sound engine started
[13:47:16] [main/INFO] (Minecraft) Created: 1024x1024x4 minecraft:textures/atlas/blocks.png-atlas
[13:47:16] [main/INFO] (Minecraft) Created: 256x128x4 minecraft:textures/atlas/signs.png-atlas
[13:47:16] [main/INFO] (Minecraft) Created: 1024x512x4 minecraft:textures/atlas/banner_patterns.png-atlas
[13:47:16] [main/INFO] (Minecraft) Created: 1024x512x4 minecraft:textures/atlas/shield_patterns.png-atlas
[13:47:16] [main/INFO] (Minecraft) Created: 256x256x4 minecraft:textures/atlas/chest.png-atlas
[13:47:16] [main/INFO] (Minecraft) Created: 512x256x4 minecraft:textures/atlas/beds.png-atlas
[13:47:16] [main/INFO] (Minecraft) Created: 512x256x4 minecraft:textures/atlas/shulker_boxes.png-atlas
[13:47:17] [main/INFO] (Minecraft) Created: 256x256x0 minecraft:textures/atlas/particles.png-atlas
[13:47:17] [main/INFO] (Minecraft) Created: 256x256x0 minecraft:textures/atlas/paintings.png-atlas
[13:47:17] [main/INFO] (Minecraft) Created: 256x128x0 minecraft:textures/atlas/mob_effects.png-atlas
[13:47:21] [main/WARN] (Minecraft) Ambiguity between arguments [teleport, destination] and [teleport, targets] with inputs: [Player, 0123, @e, dd12be42-52a9-4a91-a8a1-11c01849e498]
[13:47:21] [main/WARN] (Minecraft) Ambiguity between arguments [teleport, location] and [teleport, destination] with inputs: [0.1 -0.5 .9, 0 0 0]
[13:47:21] [main/WARN] (Minecraft) Ambiguity between arguments [teleport, location] and [teleport, targets] with inputs: [0.1 -0.5 .9, 0 0 0]
[13:47:21] [main/WARN] (Minecraft) Ambiguity between arguments [teleport, targets] and [teleport, destination] with inputs: [Player, 0123, dd12be42-52a9-4a91-a8a1-11c01849e498]
[13:47:21] [main/WARN] (Minecraft) Ambiguity between arguments [teleport, targets, location] and [teleport, targets, destination] with inputs: [0.1 -0.5 .9, 0 0 0]
[13:47:21] [main/INFO] (Minecraft) Reloading ResourceManager: Default, Fabric Tool Attribute API (v1)
[13:47:22] [main/INFO] (Minecraft) Loaded 7 recipes
[13:47:22] [main/INFO] (Minecraft) Loaded 927 advancements
[13:47:22] [main/INFO] (BiomeModificationImpl) Applied 0 biome modifications to 0 of 79 new biomes in 1.676 ms
[13:47:23] [main/INFO] (Minecraft) Environment: authHost='https://authserver.mojang.com', accountsHost='https://api.mojang.com', sessionHost='https://sessionserver.mojang.com', servicesHost='https://api.minecraftservices.com', name='PROD'
[13:47:23] [Server thread/INFO] (Minecraft) Starting integrated minecraft server version 1.16.4
[13:47:23] [Server thread/INFO] (Minecraft) Generating keypair
[13:47:23] [Server thread/INFO] (Minecraft) Preparing start region for dimension minecraft:overworld
[13:47:24] [main/INFO] (Minecraft) Preparing spawn area: 0%
[13:47:24] [main/INFO] (Minecraft) Preparing spawn area: 0%
[13:47:24] [main/INFO] (Minecraft) Preparing spawn area: 0%
[13:47:27] [main/INFO] (Minecraft) Preparing spawn area: 83%
[13:47:27] [main/INFO] (Minecraft) Preparing spawn area: 83%
[13:47:27] [main/INFO] (Minecraft) Preparing spawn area: 83%
[13:47:27] [main/INFO] (Minecraft) Preparing spawn area: 83%
[13:47:27] [main/INFO] (Minecraft) Preparing spawn area: 95%
[13:47:27] [main/INFO] (Minecraft) Preparing spawn area: 95%
[13:47:28] [main/INFO] (Minecraft) Preparing spawn area: 98%
[13:47:28] [main/INFO] (Minecraft) Time elapsed: 4760 ms
[13:47:28] [Server thread/INFO] (Minecraft) Changing view distance to 11, from 10
[13:47:30] [Server thread/INFO] (Minecraft) Player897[local:E:027c3144] logged in with entity id 156 at (-197.1150418498353, 71.1212968405392, -93.98462171029531)
[13:47:30] [Server thread/INFO] (Minecraft) Player897 joined the game
[13:47:30] [Server thread/INFO] (Minecraft) Saving and pausing game...
[13:47:30] [Server thread/INFO] (Minecraft) Saving chunks for level 'ServerLevel[testworld]'/minecraft:overworld
[13:47:31] [main/INFO] (Minecraft) Loaded 12 advancements
[13:47:32] [Server thread/INFO] (Minecraft) Saving chunks for level 'ServerLevel[testworld]'/minecraft:the_nether
[13:47:32] [Server thread/INFO] (Minecraft) Saving chunks for level 'ServerLevel[testworld]'/minecraft:the_end
[13:48:35] [Server thread/INFO] (Minecraft) Saving and pausing game...
[13:48:35] [Server thread/INFO] (Minecraft) Saving chunks for level 'ServerLevel[testworld]'/minecraft:overworld
[13:48:35] [Server thread/INFO] (Minecraft) Saving chunks for level 'ServerLevel[testworld]'/minecraft:the_nether
[13:48:35] [Server thread/INFO] (Minecraft) Saving chunks for level 'ServerLevel[testworld]'/minecraft:the_end
[13:49:17] [main/INFO] (Minecraft) Loaded 26 advancements
[13:49:53] [Server thread/INFO] (Minecraft) [Player897: Gamerule maxEntityCramming is now set to: 1000000]
[13:49:53] [main/INFO] (Minecraft) [CHAT] Gamerule maxEntityCramming is now set to: 1000000
[13:50:16] [Sound engine/WARN] (Minecraft) Maximum sound pool size 247 reached
[13:50:16] [main/WARN] (Minecraft) Failed to create new sound handle
[13:50:16] [Sound engine/WARN] (Minecraft) Maximum sound pool size 247 reached
[13:50:16] [main/WARN] (Minecraft) Failed to create new sound handle
[13:50:16] [Sound engine/WARN] (Minecraft) Maximum sound pool size 247 reached
[13:50:16] [main/WARN] (Minecraft) Failed to create new sound handle
[13:50:16] [Sound engine/WARN] (Minecraft) Maximum sound pool size 247 reached
[13:50:16] [main/WARN] (Minecraft) Failed to create new sound handle
[13:50:16] [Sound engine/WARN] (Minecraft) Maximum sound pool size 247 reached
[13:50:16] [main/WARN] (Minecraft) Failed to create new sound handle
[13:50:16] [Sound engine/WARN] (Minecraft) Maximum sound pool size 247 reached
[13:50:16] [main/WARN] (Minecraft) Failed to create new sound handle
[13:50:16] [Sound engine/WARN] (Minecraft) Maximum sound pool size 247 reached
[13:50:16] [main/WARN] (Minecraft) Failed to create new sound handle
[13:50:16] [Sound engine/WARN] (Minecraft) Maximum sound pool size 247 reached
[13:50:16] [main/WARN] (Minecraft) Failed to create new sound handle
[13:50:16] [Sound engine/WARN] (Minecraft) Maximum sound pool size 247 reached
[13:50:16] [main/WARN] (Minecraft) Failed to create new sound handle
[13:50:16] [Sound engine/WARN] (Minecraft) Maximum sound pool size 247 reached
[13:50:16] [main/WARN] (Minecraft) Failed to create new sound handle
[13:50:16] [Sound engine/WARN] (Minecraft) Maximum sound pool size 247 reached
[13:50:16] [main/WARN] (Minecraft) Failed to create new sound handle
[13:50:16] [Sound engine/WARN] (Minecraft) Maximum sound pool size 247 reached
[13:50:16] [main/WARN] (Minecraft) Failed to create new sound handle
[13:50:16] [Sound engine/WARN] (Minecraft) Maximum sound pool size 247 reached
[13:50:16] [main/WARN] (Minecraft) Failed to create new sound handle
[13:50:16] [Sound engine/WARN] (Minecraft) Maximum sound pool size 247 reached
[13:50:16] [main/WARN] (Minecraft) Failed to create new sound handle
[13:50:16] [Sound engine/WARN] (Minecraft) Maximum sound pool size 247 reached
[13:50:16] [main/WARN] (Minecraft) Failed to create new sound handle
[13:50:16] [Sound engine/WARN] (Minecraft) Maximum sound pool size 247 reached
[13:50:16] [main/WARN] (Minecraft) Failed to create new sound handle
[13:50:16] [Sound engine/WARN] (Minecraft) Maximum sound pool size 247 reached
[13:50:16] [main/WARN] (Minecraft) Failed to create new sound handle
[13:50:16] [Sound engine/WARN] (Minecraft) Maximum sound pool size 247 reached
[13:50:16] [main/WARN] (Minecraft) Failed to create new sound handle
[13:50:16] [Sound engine/WARN] (Minecraft) Maximum sound pool size 247 reached
[13:50:16] [main/WARN] (Minecraft) Failed to create new sound handle
[13:50:16] [Sound engine/WARN] (Minecraft) Maximum sound pool size 247 reached
[13:50:16] [main/WARN] (Minecraft) Failed to create new sound handle
[13:50:16] [Sound engine/WARN] (Minecraft) Maximum sound pool size 247 reached
[13:50:16] [main/WARN] (Minecraft) Failed to create new sound handle
[13:50:16] [Sound engine/WARN] (Minecraft) Maximum sound pool size 247 reached
[13:50:16] [main/WARN] (Minecraft) Failed to create new sound handle
[13:50:16] [Sound engine/WARN] (Minecraft) Maximum sound pool size 247 reached
[13:50:16] [main/WARN] (Minecraft) Failed to create new sound handle
[13:50:16] [Sound engine/WARN] (Minecraft) Maximum sound pool size 247 reached
[13:50:16] [main/WARN] (Minecraft) Failed to create new sound handle
[13:50:16] [Sound engine/WARN] (Minecraft) Maximum sound pool size 247 reached
[13:50:16] [main/WARN] (Minecraft) Failed to create new sound handle
[13:50:16] [Sound engine/WARN] (Minecraft) Maximum sound pool size 247 reached
[13:50:16] [main/WARN] (Minecraft) Failed to create new sound handle
[13:50:16] [Sound engine/WARN] (Minecraft) Maximum sound pool size 247 reached
[13:50:16] [main/WARN] (Minecraft) Failed to create new sound handle
[13:50:16] [Sound engine/WARN] (Minecraft) Maximum sound pool size 247 reached
[13:50:16] [main/WARN] (Minecraft) Failed to create new sound handle
[13:50:16] [Sound engine/WARN] (Minecraft) Maximum sound pool size 247 reached
[13:50:16] [main/WARN] (Minecraft) Failed to create new sound handle
[13:50:16] [Sound engine/WARN] (Minecraft) Maximum sound pool size 247 reached
[13:50:16] [main/WARN] (Minecraft) Failed to create new sound handle
[13:50:16] [Sound engine/WARN] (Minecraft) Maximum sound pool size 247 reached
[13:50:16] [main/WARN] (Minecraft) Failed to create new sound handle
[13:50:16] [Sound engine/WARN] (Minecraft) Maximum sound pool size 247 reached
[13:50:16] [main/WARN] (Minecraft) Failed to create new sound handle
[13:50:16] [Sound engine/WARN] (Minecraft) Maximum sound pool size 247 reached
[13:50:16] [main/WARN] (Minecraft) Failed to create new sound handle
[13:50:16] [Sound engine/WARN] (Minecraft) Maximum sound pool size 247 reached
[13:50:16] [main/WARN] (Minecraft) Failed to create new sound handle
[13:50:16] [Sound engine/WARN] (Minecraft) Maximum sound pool size 247 reached
[13:50:16] [main/WARN] (Minecraft) Failed to create new sound handle
[13:50:16] [Sound engine/WARN] (Minecraft) Maximum sound pool size 247 reached
[13:50:16] [main/WARN] (Minecraft) Failed to create new sound handle
[13:50:16] [Sound engine/WARN] (Minecraft) Maximum sound pool size 247 reached
[13:50:16] [main/WARN] (Minecraft) Failed to create new sound handle
[13:50:16] [Sound engine/WARN] (Minecraft) Maximum sound pool size 247 reached
[13:50:16] [main/WARN] (Minecraft) Failed to create new sound handle
[13:50:16] [Sound engine/WARN] (Minecraft) Maximum sound pool size 247 reached
[13:50:16] [main/WARN] (Minecraft) Failed to create new sound handle
[13:50:16] [Sound engine/WARN] (Minecraft) Maximum sound pool size 247 reached
[13:50:16] [main/WARN] (Minecraft) Failed to create new sound handle
[13:50:16] [Sound engine/WARN] (Minecraft) Maximum sound pool size 247 reached
[13:50:16] [main/WARN] (Minecraft) Failed to create new sound handle
[13:50:16] [Sound engine/WARN] (Minecraft) Maximum sound pool size 247 reached
[13:50:16] [main/WARN] (Minecraft) Failed to create new sound handle
[13:50:16] [Sound engine/WARN] (Minecraft) Maximum sound pool size 247 reached
[13:50:16] [main/WARN] (Minecraft) Failed to create new sound handle
[13:50:16] [Sound engine/WARN] (Minecraft) Maximum sound pool size 247 reached
[13:50:16] [main/WARN] (Minecraft) Failed to create new sound handle
[13:50:16] [Sound engine/WARN] (Minecraft) Maximum sound pool size 247 reached
[13:50:16] [main/WARN] (Minecraft) Failed to create new sound handle
[13:50:16] [Sound engine/WARN] (Minecraft) Maximum sound pool size 247 reached
[13:50:16] [main/WARN] (Minecraft) Failed to create new sound handle
[13:50:16] [Sound engine/WARN] (Minecraft) Maximum sound pool size 247 reached
[13:50:16] [main/WARN] (Minecraft) Failed to create new sound handle
[13:50:16] [Sound engine/WARN] (Minecraft) Maximum sound pool size 247 reached
[13:50:16] [main/WARN] (Minecraft) Failed to create new sound handle
[13:50:16] [Sound engine/WARN] (Minecraft) Maximum sound pool size 247 reached
[13:50:16] [main/WARN] (Minecraft) Failed to create new sound handle
[13:50:16] [Sound engine/WARN] (Minecraft) Maximum sound pool size 247 reached
[13:50:16] [main/WARN] (Minecraft) Failed to create new sound handle
[13:50:16] [Sound engine/WARN] (Minecraft) Maximum sound pool size 247 reached
[13:50:16] [main/WARN] (Minecraft) Failed to create new sound handle
[13:50:16] [Sound engine/WARN] (Minecraft) Maximum sound pool size 247 reached
[13:50:16] [main/WARN] (Minecraft) Failed to create new sound handle
[13:50:16] [Sound engine/WARN] (Minecraft) Maximum sound pool size 247 reached
[13:50:16] [main/WARN] (Minecraft) Failed to create new sound handle
[13:50:16] [Sound engine/WARN] (Minecraft) Maximum sound pool size 247 reached
[13:50:16] [main/WARN] (Minecraft) Failed to create new sound handle
[13:50:38] [Server thread/INFO] (Minecraft) Saving and pausing game...
[13:50:38] [Server thread/INFO] (Minecraft) Saving chunks for level 'ServerLevel[testworld]'/minecraft:overworld
[13:50:38] [Server thread/INFO] (Minecraft) Saving chunks for level 'ServerLevel[testworld]'/minecraft:the_nether
[13:50:38] [Server thread/INFO] (Minecraft) Saving chunks for level 'ServerLevel[testworld]'/minecraft:the_end
[13:50:47] [Server thread/INFO] (Minecraft) Player897 has made the advancement [Stone Age]
[13:50:47] [main/INFO] (Minecraft) [CHAT] Player897 has made the advancement [Stone Age]
[13:50:47] [main/INFO] (Minecraft) Loaded 50 advancements
[13:51:05] [Server thread/WARN] (Minecraft) Fetching packet for removed entity ItemEntity['Poppy'/1850, l='ServerLevel[testworld]', x=-193.45, y=72.34, z=-89.34]
[13:51:05] [Server thread/WARN] (Minecraft) Fetching packet for removed entity ItemEntity['Dirt'/1851, l='ServerLevel[testworld]', x=-195.25, y=71.64, z=-91.71]
[13:51:05] [Server thread/WARN] (Minecraft) Fetching packet for removed entity ItemEntity['Dirt'/1852, l='ServerLevel[testworld]', x=-193.45, y=71.62, z=-96.70]
[13:51:05] [Server thread/WARN] (Minecraft) Fetching packet for removed entity ItemEntity['Wheat Seeds'/1853, l='ServerLevel[testworld]', x=-196.67, y=72.65, z=-92.64]
[13:51:06] [Server thread/WARN] (Minecraft) Fetching packet for removed entity ItemEntity['Dirt'/1931, l='ServerLevel[testworld]', x=-188.63, y=70.48, z=-103.46]
[13:51:06] [Server thread/WARN] (Minecraft) Fetching packet for removed entity ItemEntity['Dirt'/1932, l='ServerLevel[testworld]', x=-186.27, y=71.28, z=-102.37]
[13:51:06] [Server thread/WARN] (Minecraft) Fetching packet for removed entity ItemEntity['Dirt'/1933, l='ServerLevel[testworld]', x=-191.48, y=71.63, z=-102.67]
[13:51:06] [Server thread/WARN] (Minecraft) Fetching packet for removed entity ItemEntity['Dirt'/1934, l='ServerLevel[testworld]', x=-186.43, y=69.48, z=-100.62]
[13:51:06] [Server thread/WARN] (Minecraft) Fetching packet for removed entity ItemEntity['Dirt'/1935, l='ServerLevel[testworld]', x=-185.65, y=72.71, z=-102.73]
[13:51:06] [Server thread/WARN] (Minecraft) Fetching packet for removed entity ItemEntity['Dirt'/1961, l='ServerLevel[testworld]', x=-186.35, y=68.52, z=-99.35]
[13:51:06] [Server thread/WARN] (Minecraft) Fetching packet for removed entity ItemEntity['Cobblestone'/1962, l='ServerLevel[testworld]', x=-184.69, y=69.54, z=-98.64]
[13:51:06] [Server thread/WARN] (Minecraft) Fetching packet for removed entity ItemEntity['Dirt'/1963, l='ServerLevel[testworld]', x=-183.53, y=71.39, z=-100.74]
[13:51:06] [Server thread/WARN] (Minecraft) Fetching packet for removed entity ItemEntity['Dirt'/1964, l='ServerLevel[testworld]', x=-186.70, y=69.32, z=-103.66]
[13:51:06] [Server thread/WARN] (Minecraft) Fetching packet for removed entity ItemEntity['Dirt'/1965, l='ServerLevel[testworld]', x=-184.60, y=69.74, z=-103.39]
[13:51:07] [Server thread/WARN] (Minecraft) Fetching packet for removed entity ItemEntity['Dirt'/2220, l='ServerLevel[testworld]', x=-207.48, y=69.28, z=-102.51]
[13:51:07] [Server thread/WARN] (Minecraft) Fetching packet for removed entity ItemEntity['Dirt'/2222, l='ServerLevel[testworld]', x=-205.71, y=68.67, z=-101.56]
[13:51:07] [Server thread/WARN] (Minecraft) Fetching packet for removed entity ItemEntity['Dirt'/2226, l='ServerLevel[testworld]', x=-204.56, y=68.30, z=-102.35]
[13:51:07] [Server thread/WARN] (Minecraft) Fetching packet for removed entity ItemEntity['Dirt'/2228, l='ServerLevel[testworld]', x=-206.34, y=69.66, z=-102.39]
[13:51:08] [Server thread/WARN] (Minecraft) Fetching packet for removed entity ItemEntity['Cobblestone'/2261, l='ServerLevel[testworld]', x=-206.47, y=67.47, z=-98.46]
[13:51:08] [Server thread/WARN] (Minecraft) Fetching packet for removed entity ItemEntity['Gravel'/2263, l='ServerLevel[testworld]', x=-207.49, y=67.31, z=-103.45]
[13:51:08] [Server thread/WARN] (Minecraft) Fetching packet for removed entity ItemEntity['Flint'/2264, l='ServerLevel[testworld]', x=-206.43, y=67.45, z=-103.64]
[13:51:08] [Server thread/WARN] (Minecraft) Fetching packet for removed entity ItemEntity['Cobblestone'/2265, l='ServerLevel[testworld]', x=-207.47, y=67.50, z=-98.52]
[13:51:09] [Server thread/WARN] (Minecraft) Fetching packet for removed entity ItemEntity['Leather'/2331, l='ServerLevel[testworld]', x=-199.82, y=68.00, z=-104.70]
[13:51:09] [Server thread/WARN] (Minecraft) Fetching packet for removed entity ItemEntity['Raw Beef'/2332, l='ServerLevel[testworld]', x=-199.82, y=68.00, z=-104.70]
[13:51:09] [Server thread/WARN] (Minecraft) Fetching packet for removed entity ExperienceOrbEntity['Experience Orb'/2333, l='ServerLevel[testworld]', x=-199.82, y=68.00, z=-104.70]
[13:51:09] [Server thread/WARN] (Minecraft) Fetching packet for removed entity ItemEntity['Dirt'/2334, l='ServerLevel[testworld]', x=-207.38, y=69.37, z=-106.36]
[13:51:09] [Server thread/WARN] (Minecraft) Fetching packet for removed entity ItemEntity['Gravel'/2335, l='ServerLevel[testworld]', x=-206.53, y=67.68, z=-106.72]
[13:51:09] [Server thread/WARN] (Minecraft) Fetching packet for removed entity ItemEntity['Cobblestone'/2336, l='ServerLevel[testworld]', x=-201.72, y=67.72, z=-105.47]
[13:51:09] [Server thread/WARN] (Minecraft) Fetching packet for removed entity ItemEntity['Flint'/2337, l='ServerLevel[testworld]', x=-205.50, y=66.34, z=-104.38]
[13:51:09] [Server thread/WARN] (Minecraft) Fetching packet for removed entity ItemEntity['Diorite'/2338, l='ServerLevel[testworld]', x=-204.59, y=66.73, z=-103.26]
[13:51:09] [Server thread/WARN] (Minecraft) Fetching packet for removed entity ItemEntity['Gravel'/2339, l='ServerLevel[testworld]', x=-205.43, y=65.74, z=-103.64]
[13:51:09] [Server thread/WARN] (Minecraft) Fetching packet for removed entity ItemEntity['Gravel'/2341, l='ServerLevel[testworld]', x=-207.42, y=66.63, z=-103.70]
[13:51:09] [Server thread/WARN] (Minecraft) Fetching packet for removed entity ItemEntity['Cobblestone'/2342, l='ServerLevel[testworld]', x=-203.74, y=67.70, z=-108.46]
[13:51:13] [Server thread/WARN] (Minecraft) Fetching packet for removed entity ItemEntity['Dirt'/2675, l='ServerLevel[testworld]', x=-196.59, y=69.70, z=-127.61]
[13:51:13] [Server thread/WARN] (Minecraft) Fetching packet for removed entity ItemEntity['Dirt'/2676, l='ServerLevel[testworld]', x=-195.67, y=69.70, z=-127.35]
[13:51:13] [Server thread/WARN] (Minecraft) Fetching packet for removed entity ItemEntity['Cobblestone'/2710, l='ServerLevel[testworld]', x=-194.72, y=68.35, z=-124.62]
[13:51:13] [Server thread/WARN] (Minecraft) Fetching packet for removed entity ItemEntity['Dirt'/2711, l='ServerLevel[testworld]', x=-192.26, y=70.69, z=-122.72]
[13:51:13] [Server thread/WARN] (Minecraft) Fetching packet for removed entity ItemEntity['Diorite'/2712, l='ServerLevel[testworld]', x=-197.74, y=68.54, z=-122.72]
[13:51:13] [Server thread/WARN] (Minecraft) Fetching packet for removed entity ItemEntity['Dirt'/2713, l='ServerLevel[testworld]', x=-191.43, y=70.36, z=-125.34]
[13:51:13] [Server thread/WARN] (Minecraft) Fetching packet for removed entity ItemEntity['Dirt'/2714, l='ServerLevel[testworld]', x=-195.34, y=71.34, z=-121.67]
[13:51:32] [Server thread/WARN] (Minecraft) Fetching packet for removed entity ItemEntity['Leather'/2998, l='ServerLevel[testworld]', x=-179.61, y=72.00, z=-122.57]
[13:51:32] [Server thread/WARN] (Minecraft) Fetching packet for removed entity ItemEntity['Raw Beef'/2999, l='ServerLevel[testworld]', x=-179.61, y=72.00, z=-122.57]
[13:51:32] [Server thread/WARN] (Minecraft) Fetching packet for removed entity ExperienceOrbEntity['Experience Orb'/3000, l='ServerLevel[testworld]', x=-179.61, y=72.00, z=-122.57]
[13:51:32] [Server thread/WARN] (Minecraft) Fetching packet for removed entity ItemEntity['Granite'/3001, l='ServerLevel[testworld]', x=-178.70, y=70.60, z=-123.66]
[13:51:32] [Server thread/WARN] (Minecraft) Fetching packet for removed entity ItemEntity['Cobblestone'/3002, l='ServerLevel[testworld]', x=-182.33, y=69.71, z=-120.37]
[13:51:32] [Server thread/WARN] (Minecraft) Fetching packet for removed entity ItemEntity['Granite'/3003, l='ServerLevel[testworld]', x=-179.58, y=69.48, z=-121.54]
[13:51:33] [Server thread/WARN] (Minecraft) Fetching packet for removed entity ItemEntity['Cobblestone'/3065, l='ServerLevel[testworld]', x=-181.40, y=67.31, z=-126.29]
[13:51:33] [Server thread/WARN] (Minecraft) Fetching packet for removed entity ItemEntity['Granite'/3066, l='ServerLevel[testworld]', x=-178.28, y=68.47, z=-124.62]
[13:51:33] [Server thread/WARN] (Minecraft) Fetching packet for removed entity ItemEntity['Cobblestone'/3067, l='ServerLevel[testworld]', x=-182.29, y=67.38, z=-126.27]
[13:51:47] [Server thread/WARN] (Minecraft) Fetching packet for removed entity ItemEntity['Cobblestone'/3396, l='ServerLevel[testworld]', x=-170.71, y=70.75, z=-115.56]
[13:51:47] [Server thread/WARN] (Minecraft) Fetching packet for removed entity ItemEntity['Wheat Seeds'/3397, l='ServerLevel[testworld]', x=-171.60, y=68.62, z=-99.35]
[13:51:47] [Server thread/WARN] (Minecraft) Fetching packet for removed entity ItemEntity['Wheat Seeds'/3400, l='ServerLevel[testworld]', x=-170.38, y=68.39, z=-99.37]
[13:51:47] [Server thread/WARN] (Minecraft) Fetching packet for removed entity ItemEntity['Dirt'/3401, l='ServerLevel[testworld]', x=-172.37, y=68.37, z=-103.54]
[13:51:47] [Server thread/WARN] (Minecraft) Fetching packet for removed entity ItemEntity['Dirt'/3403, l='ServerLevel[testworld]', x=-170.38, y=68.68, z=-104.59]
[13:51:47] [Server thread/WARN] (Minecraft) Fetching packet for removed entity ItemEntity['Dirt'/3404, l='ServerLevel[testworld]', x=-169.48, y=67.47, z=-99.57]
[13:51:47] [Server thread/WARN] (Minecraft) Fetching packet for removed entity ItemEntity['Dirt'/3405, l='ServerLevel[testworld]', x=-171.34, y=67.61, z=-104.37]
[13:51:47] [Server thread/WARN] (Minecraft) Fetching packet for removed entity ItemEntity['Dirt'/3406, l='ServerLevel[testworld]', x=-171.31, y=67.63, z=-100.72]
[13:51:47] [Server thread/WARN] (Minecraft) Fetching packet for removed entity ItemEntity['Dirt'/3407, l='ServerLevel[testworld]', x=-169.50, y=66.72, z=-105.72]
[13:51:47] [Server thread/WARN] (Minecraft) Fetching packet for removed entity ItemEntity['Cobblestone'/3450, l='ServerLevel[testworld]', x=-171.44, y=66.47, z=-105.73]
[13:51:47] [Server thread/WARN] (Minecraft) Fetching packet for removed entity ItemEntity['Diorite'/3451, l='ServerLevel[testworld]', x=-172.31, y=66.32, z=-101.50]
[13:51:47] [Server thread/WARN] (Minecraft) Fetching packet for removed entity ItemEntity['Dirt'/3452, l='ServerLevel[testworld]', x=-168.65, y=65.71, z=-106.64]
[13:51:47] [Server thread/WARN] (Minecraft) Fetching packet for removed entity ItemEntity['Cobblestone'/3453, l='ServerLevel[testworld]', x=-168.62, y=64.62, z=-103.49]
[13:51:47] [Server thread/WARN] (Minecraft) Fetching packet for removed entity ItemEntity['Cobblestone'/3472, l='ServerLevel[testworld]', x=-174.48, y=65.46, z=-104.62]
[13:52:52] [main/INFO] (Minecraft) Loaded 56 advancements
[13:53:01] [main/INFO] (Minecraft) Loaded 56 advancements
[13:53:41] [main/INFO] (Minecraft) Loaded 56 advancements
[13:54:07] [Server thread/INFO] (Minecraft) [Player897: Gamerule randomTickSpeed is now set to: 100]
[13:54:07] [main/INFO] (Minecraft) [CHAT] Gamerule randomTickSpeed is now set to: 100
[13:54:12] [Server thread/INFO] (Minecraft) [Player897: Gamerule randomTickSpeed is now set to: 1000]
[13:54:12] [main/INFO] (Minecraft) [CHAT] Gamerule randomTickSpeed is now set to: 1000
[13:54:20] [Server thread/INFO] (Minecraft) [Player897: Gamerule randomTickSpeed is now set to: 100]
[13:54:20] [main/INFO] (Minecraft) [CHAT] Gamerule randomTickSpeed is now set to: 100
[13:54:31] [main/INFO] (Minecraft) Loaded 66 advancements
[13:54:53] [Server thread/INFO] (Minecraft) Saving and pausing game...
[13:54:53] [Server thread/INFO] (Minecraft) Saving chunks for level 'ServerLevel[testworld]'/minecraft:overworld
[13:54:54] [Server thread/INFO] (Minecraft) Saving chunks for level 'ServerLevel[testworld]'/minecraft:the_nether
[13:54:54] [Server thread/INFO] (Minecraft) Saving chunks for level 'ServerLevel[testworld]'/minecraft:the_end
[13:54:54] [main/INFO] (Minecraft) Stopping!
[13:54:54] [Server thread/INFO] (Minecraft) Player897 lost connection: Disconnected
[13:54:54] [Server thread/INFO] (Minecraft) Player897 left the game
[13:54:54] [Server thread/INFO] (Minecraft) Stopping singleplayer server as player logged out
[13:54:54] [Server thread/INFO] (Minecraft) Stopping server
[13:54:54] [Server thread/INFO] (Minecraft) Saving players
[13:54:54] [Server thread/INFO] (Minecraft) Saving worlds
[13:54:54] [Server thread/INFO] (Minecraft) Saving chunks for level 'ServerLevel[testworld]'/minecraft:overworld
[13:54:55] [Server thread/INFO] (Minecraft) ThreadedAnvilChunkStorage (testworld): All chunks are saved
[13:54:55] [Server thread/INFO] (Minecraft) Saving chunks for level 'ServerLevel[testworld]'/minecraft:the_nether
[13:54:55] [Server thread/INFO] (Minecraft) ThreadedAnvilChunkStorage (DIM-1): All chunks are saved
[13:54:55] [Server thread/INFO] (Minecraft) Saving chunks for level 'ServerLevel[testworld]'/minecraft:the_end
[13:54:55] [Server thread/INFO] (Minecraft) ThreadedAnvilChunkStorage (DIM1): All chunks are saved
[13:54:55] [Server thread/INFO] (Minecraft) ThreadedAnvilChunkStorage (testworld): All chunks are saved
[13:54:55] [Server thread/INFO] (Minecraft) ThreadedAnvilChunkStorage (DIM-1): All chunks are saved
[13:54:55] [Server thread/INFO] (Minecraft) ThreadedAnvilChunkStorage (DIM1): All chunks are saved
